error: alerta
error: alerta
error: ReferenceError: err is not defined
    at C:\Users\RYZEN\Desktop\Desafios Backend\BACKEND\src\routes\indexRoutes.js:25:18
    at Layer.handle [as handle_request] (C:\Users\RYZEN\Desktop\Desafios Backend\BACKEND\node_modules\express\lib\router\layer.js:95:5)
    at trim_prefix (C:\Users\RYZEN\Desktop\Desafios Backend\BACKEND\node_modules\express\lib\router\index.js:328:13)
    at C:\Users\RYZEN\Desktop\Desafios Backend\BACKEND\node_modules\express\lib\router\index.js:286:9
    at param (C:\Users\RYZEN\Desktop\Desafios Backend\BACKEND\node_modules\express\lib\router\index.js:365:14)
    at param (C:\Users\RYZEN\Desktop\Desafios Backend\BACKEND\node_modules\express\lib\router\index.js:376:14)
    at Function.process_params (C:\Users\RYZEN\Desktop\Desafios Backend\BACKEND\node_modules\express\lib\router\index.js:421:3)
    at next (C:\Users\RYZEN\Desktop\Desafios Backend\BACKEND\node_modules\express\lib\router\index.js:280:10)
    at C:\Users\RYZEN\Desktop\Desafios Backend\BACKEND\node_modules\express\lib\router\index.js:646:15
    at next (C:\Users\RYZEN\Desktop\Desafios Backend\BACKEND\node_modules\express\lib\router\index.js:265:14)
error: ReferenceError: err is not defined
    at C:\Users\RYZEN\Desktop\Desafios Backend\BACKEND\src\routes\indexRoutes.js:25:18
    at Layer.handle [as handle_request] (C:\Users\RYZEN\Desktop\Desafios Backend\BACKEND\node_modules\express\lib\router\layer.js:95:5)
    at trim_prefix (C:\Users\RYZEN\Desktop\Desafios Backend\BACKEND\node_modules\express\lib\router\index.js:328:13)
    at C:\Users\RYZEN\Desktop\Desafios Backend\BACKEND\node_modules\express\lib\router\index.js:286:9
    at param (C:\Users\RYZEN\Desktop\Desafios Backend\BACKEND\node_modules\express\lib\router\index.js:365:14)
    at param (C:\Users\RYZEN\Desktop\Desafios Backend\BACKEND\node_modules\express\lib\router\index.js:376:14)
    at Function.process_params (C:\Users\RYZEN\Desktop\Desafios Backend\BACKEND\node_modules\express\lib\router\index.js:421:3)
    at next (C:\Users\RYZEN\Desktop\Desafios Backend\BACKEND\node_modules\express\lib\router\index.js:280:10)
    at C:\Users\RYZEN\Desktop\Desafios Backend\BACKEND\node_modules\express\lib\router\index.js:646:15
    at next (C:\Users\RYZEN\Desktop\Desafios Backend\BACKEND\node_modules\express\lib\router\index.js:265:14)
error: ReferenceError: err is not defined
    at C:\Users\RYZEN\Desktop\Desafios Backend\BACKEND\src\routes\indexRoutes.js:25:18
    at Layer.handle [as handle_request] (C:\Users\RYZEN\Desktop\Desafios Backend\BACKEND\node_modules\express\lib\router\layer.js:95:5)
    at trim_prefix (C:\Users\RYZEN\Desktop\Desafios Backend\BACKEND\node_modules\express\lib\router\index.js:328:13)
    at C:\Users\RYZEN\Desktop\Desafios Backend\BACKEND\node_modules\express\lib\router\index.js:286:9
    at param (C:\Users\RYZEN\Desktop\Desafios Backend\BACKEND\node_modules\express\lib\router\index.js:365:14)
    at param (C:\Users\RYZEN\Desktop\Desafios Backend\BACKEND\node_modules\express\lib\router\index.js:376:14)
    at Function.process_params (C:\Users\RYZEN\Desktop\Desafios Backend\BACKEND\node_modules\express\lib\router\index.js:421:3)
    at next (C:\Users\RYZEN\Desktop\Desafios Backend\BACKEND\node_modules\express\lib\router\index.js:280:10)
    at C:\Users\RYZEN\Desktop\Desafios Backend\BACKEND\node_modules\express\lib\router\index.js:646:15
    at next (C:\Users\RYZEN\Desktop\Desafios Backend\BACKEND\node_modules\express\lib\router\index.js:265:14)
error: ReferenceError: err is not defined
    at C:\Users\RYZEN\Desktop\Desafios Backend\BACKEND\src\routes\indexRoutes.js:25:18
    at Layer.handle [as handle_request] (C:\Users\RYZEN\Desktop\Desafios Backend\BACKEND\node_modules\express\lib\router\layer.js:95:5)
    at trim_prefix (C:\Users\RYZEN\Desktop\Desafios Backend\BACKEND\node_modules\express\lib\router\index.js:328:13)
    at C:\Users\RYZEN\Desktop\Desafios Backend\BACKEND\node_modules\express\lib\router\index.js:286:9
    at param (C:\Users\RYZEN\Desktop\Desafios Backend\BACKEND\node_modules\express\lib\router\index.js:365:14)
    at param (C:\Users\RYZEN\Desktop\Desafios Backend\BACKEND\node_modules\express\lib\router\index.js:376:14)
    at Function.process_params (C:\Users\RYZEN\Desktop\Desafios Backend\BACKEND\node_modules\express\lib\router\index.js:421:3)
    at next (C:\Users\RYZEN\Desktop\Desafios Backend\BACKEND\node_modules\express\lib\router\index.js:280:10)
    at C:\Users\RYZEN\Desktop\Desafios Backend\BACKEND\node_modules\express\lib\router\index.js:646:15
    at next (C:\Users\RYZEN\Desktop\Desafios Backend\BACKEND\node_modules\express\lib\router\index.js:265:14)
